[13:00:41] [ServerMain/INFO]: Environment: Environment[sessionHost=https://sessionserver.mojang.com, servicesHost=https://api.minecraftservices.com, name=PROD]
[13:00:44] [ServerMain/INFO]: Loaded 1370 recipes
[13:00:44] [ServerMain/INFO]: Loaded 1481 advancements
[13:00:44] [Server thread/INFO]: Starting minecraft server version 1.21.4
[13:00:44] [Server thread/INFO]: Loading properties
[13:00:44] [Server thread/INFO]: Default game type: SURVIVAL
[13:00:44] [Server thread/INFO]: Generating keypair
[13:00:44] [Server console handler/ERROR]: Exception handling console input
java.io.IOException: The handle is invalid
	at java.base/java.io.FileInputStream.readBytes(Native Method) ~[?:?]
	at java.base/java.io.FileInputStream.read(FileInputStream.java:328) ~[?:?]
	at java.base/java.lang.System$In.read(System.java:2252) ~[?:?]
	at java.base/java.io.BufferedInputStream.read1(BufferedInputStream.java:345) ~[?:?]
	at java.base/java.io.BufferedInputStream.implRead(BufferedInputStream.java:420) ~[?:?]
	at java.base/java.io.BufferedInputStream.read(BufferedInputStream.java:399) ~[?:?]
	at java.base/sun.nio.cs.StreamDecoder.readBytes(StreamDecoder.java:350) ~[?:?]
	at java.base/sun.nio.cs.StreamDecoder.implRead(StreamDecoder.java:393) ~[?:?]
	at java.base/sun.nio.cs.StreamDecoder.lockedRead(StreamDecoder.java:217) ~[?:?]
	at java.base/sun.nio.cs.StreamDecoder.read(StreamDecoder.java:171) ~[?:?]
	at java.base/java.io.InputStreamReader.read(InputStreamReader.java:190) ~[?:?]
	at java.base/java.io.BufferedReader.fill(BufferedReader.java:160) ~[?:?]
	at java.base/java.io.BufferedReader.implReadLine(BufferedReader.java:370) ~[?:?]
	at java.base/java.io.BufferedReader.readLine(BufferedReader.java:347) ~[?:?]
	at java.base/java.io.BufferedReader.readLine(BufferedReader.java:436) ~[?:?]
	at apu$1.run(SourceFile:102) [server-1.21.4.jar:?]
[13:00:44] [Server thread/INFO]: Starting Minecraft server on *:25565
[13:00:44] [Server thread/INFO]: Using default channel type
[13:00:45] [Server thread/WARN]: **** SERVER IS RUNNING IN OFFLINE/INSECURE MODE!
[13:00:45] [Server thread/WARN]: The server will make no attempt to authenticate usernames. Beware.
[13:00:45] [Server thread/WARN]: While this makes the game possible to play without internet access, it also opens up the ability for hackers to connect with any username they choose.
[13:00:45] [Server thread/WARN]: To change this, set "online-mode" to "true" in the server.properties file.
[13:00:45] [Server thread/WARN]: Failed to load white-list: 
com.google.gson.JsonSyntaxException: Expected entry to be a JsonObject, was "DED...36"
	at ayp.m(SourceFile:414) ~[server-1.21.4.jar:?]
	at avi.f(SourceFile:124) ~[server-1.21.4.jar:?]
	at apt.C(SourceFile:109) ~[server-1.21.4.jar:?]
	at apt.<init>(SourceFile:29) ~[server-1.21.4.jar:?]
	at apu.e(SourceFile:174) ~[server-1.21.4.jar:?]
	at net.minecraft.server.MinecraftServer.y(SourceFile:678) ~[server-1.21.4.jar:?]
	at net.minecraft.server.MinecraftServer.a(SourceFile:292) ~[server-1.21.4.jar:?]
	at java.base/java.lang.Thread.run(Thread.java:1575) [?:?]
[13:00:45] [Server thread/INFO]: Preparing level "world"
[13:00:45] [Server thread/INFO]: Preparing start region for dimension minecraft:overworld
[13:00:46] [Worker-Main-7/INFO]: Preparing spawn area: 0%
[13:00:46] [Worker-Main-7/INFO]: Preparing spawn area: 0%
[13:00:46] [Worker-Main-7/INFO]: Preparing spawn area: 0%
[13:00:46] [Worker-Main-10/INFO]: Preparing spawn area: 0%
[13:00:46] [Server thread/INFO]: Time elapsed: 1596 ms
[13:00:46] [Server thread/INFO]: Done (1.901s)! For help, type "help"
[13:01:46] [Server thread/INFO]: Server empty for 60 seconds, pausing
[13:06:39] [Server thread/INFO]: DEDSEC536[/127.0.0.1:55167] logged in with entity id 39 at (-18.5, 83.0, -54.5)
[13:06:39] [Server thread/INFO]: DEDSEC536 joined the game
[13:10:27] [Server thread/INFO]: DEDSEC536 lost connection: Disconnected
[13:10:27] [Server thread/INFO]: DEDSEC536 left the game
[13:11:27] [Server thread/INFO]: Server empty for 60 seconds, pausing
[13:27:21] [Server thread/INFO]: Stopping server
[13:27:21] [Server thread/INFO]: Saving players
[13:27:21] [Server thread/INFO]: Saving worlds
[13:27:21] [Server thread/INFO]: Saving chunks for level 'ServerLevel[server]'/minecraft:overworld
[13:27:22] [Server thread/INFO]: Saving chunks for level 'ServerLevel[server]'/minecraft:the_nether
[13:27:22] [Server thread/INFO]: Saving chunks for level 'ServerLevel[server]'/minecraft:the_end
[13:27:22] [Server thread/INFO]: ThreadedAnvilChunkStorage (world): All chunks are saved
[13:27:22] [Server thread/INFO]: ThreadedAnvilChunkStorage (DIM-1): All chunks are saved
[13:27:22] [Server thread/INFO]: ThreadedAnvilChunkStorage (DIM1): All chunks are saved
[13:27:22] [Server thread/INFO]: ThreadedAnvilChunkStorage: All dimensions are saved
